commit notification ae831caa6a4df67cd087ae6912f0cac4b358b8d2
Building remotely on [8mha:////4Me9RAisFZuwZG3CGGs2SivHAt6UbmagD1Lhxe+qxxXyAAAAmh+LCAAAAAAAAP9b85aBtbiIQTGjNKU4P08vOT+vOD8nVc83PyU1x6OyILUoJzMv2y+/JJUBAhiZGBgqihhk0NSjKDWzXb3RdlLBUSYGJk8GtpzUvPSSDB8G5tKinBIGIZ+sxLJE/ZzEvHT94JKizLx0a6BxUmjGOUNodHsLgAyWEgY+/eT83ILSktQi/eLUnDQA1rML9cMAAAA=[0mself (builder) in workspace /Users/bool/Downloads/jenkins_home/workspace/demo/PR-Master
Cloning the remote Git repository
Cloning repository ssh://git@localhost:7999/math/math.git
 > git init /Users/bool/Downloads/jenkins_home/workspace/demo/PR-Master # timeout=10
Fetching upstream changes from ssh://git@localhost:7999/math/math.git
 > git --version # timeout=10
using GIT_SSH to set credentials 
 > git fetch --tags --progress ssh://git@localhost:7999/math/math.git +refs/heads/*:refs/remotes/origin/*
 > git config remote.origin.url ssh://git@localhost:7999/math/math.git # timeout=10
 > git config --add remote.origin.fetch +refs/heads/*:refs/remotes/origin/* # timeout=10
 > git config remote.origin.url ssh://git@localhost:7999/math/math.git # timeout=10
Fetching upstream changes from ssh://git@localhost:7999/math/math.git
using GIT_SSH to set credentials 
 > git fetch --tags --progress ssh://git@localhost:7999/math/math.git +refs/heads/*:refs/remotes/origin/*
 > git rev-parse ae831caa6a4df67cd087ae6912f0cac4b358b8d2^{commit} # timeout=10
 > git branch -a -v --no-abbrev --contains ae831caa6a4df67cd087ae6912f0cac4b358b8d2 # timeout=10
Merging Revision ae831caa6a4df67cd087ae6912f0cac4b358b8d2 (origin/feature/test) to origin/master, UserMergeOptions{mergeRemote='origin', mergeTarget='master', mergeStrategy='default', fastForwardMode='--ff'}
 > git rev-parse origin/master^{commit} # timeout=10
 > git config core.sparsecheckout # timeout=10
 > git checkout -f origin/master
 > git merge --ff ae831caa6a4df67cd087ae6912f0cac4b358b8d2 # timeout=10
 > git rev-parse HEAD^{commit} # timeout=10
Seen branch in repository origin/feature/test
Seen branch in repository origin/master
Seen 2 remote branches
 > git tag -l # timeout=10
Checking out Revision 8cabceaa59d209baae651e102e07b3c538b8e44e (origin/master)
Commit message: "Merge commit 'ae831caa6a4df67cd087ae6912f0cac4b358b8d2' into HEAD"
 > git config core.sparsecheckout # timeout=10
 > git checkout -f 8cabceaa59d209baae651e102e07b3c538b8e44e
First time build. Skipping changelog.
Caught exception while notifying Stash with id ae831caa6a4df67cd087ae6912f0cac4b358b8d2
java.net.MalformedURLException
	at java.net.URL.<init>(URL.java:627)
	at java.net.URL.<init>(URL.java:490)
	at java.net.URL.<init>(URL.java:439)
	at org.jenkinsci.plugins.stashNotifier.StashNotifier.getHttpClient(StashNotifier.java:392)
	at org.jenkinsci.plugins.stashNotifier.StashNotifier.notifyStash(StashNotifier.java:692)
	at org.jenkinsci.plugins.stashNotifier.StashNotifier.processJenkinsEvent(StashNotifier.java:288)
	at org.jenkinsci.plugins.stashNotifier.StashNotifier.prebuild(StashNotifier.java:199)
	at hudson.model.AbstractBuild$AbstractBuildExecution.preBuild(AbstractBuild.java:789)
	at hudson.model.AbstractBuild$AbstractBuildExecution.preBuild(AbstractBuild.java:784)
	at hudson.model.Build$BuildExecution.doRun(Build.java:145)
	at hudson.model.AbstractBuild$AbstractBuildExecution.run(AbstractBuild.java:490)
	at hudson.model.Run.execute(Run.java:1735)
	at hudson.model.FreeStyleBuild.run(FreeStyleBuild.java:43)
	at hudson.model.ResourceController.execute(ResourceController.java:97)
	at hudson.model.Executor.run(Executor.java:405)
Caused by: java.lang.NullPointerException
Caught exception while notifying Stash with id 8cabceaa59d209baae651e102e07b3c538b8e44e
java.net.MalformedURLException
	at java.net.URL.<init>(URL.java:627)
	at java.net.URL.<init>(URL.java:490)
	at java.net.URL.<init>(URL.java:439)
	at org.jenkinsci.plugins.stashNotifier.StashNotifier.getHttpClient(StashNotifier.java:392)
	at org.jenkinsci.plugins.stashNotifier.StashNotifier.notifyStash(StashNotifier.java:692)
	at org.jenkinsci.plugins.stashNotifier.StashNotifier.processJenkinsEvent(StashNotifier.java:288)
	at org.jenkinsci.plugins.stashNotifier.StashNotifier.prebuild(StashNotifier.java:199)
	at hudson.model.AbstractBuild$AbstractBuildExecution.preBuild(AbstractBuild.java:789)
	at hudson.model.AbstractBuild$AbstractBuildExecution.preBuild(AbstractBuild.java:784)
	at hudson.model.Build$BuildExecution.doRun(Build.java:145)
	at hudson.model.AbstractBuild$AbstractBuildExecution.run(AbstractBuild.java:490)
	at hudson.model.Run.execute(Run.java:1735)
	at hudson.model.FreeStyleBuild.run(FreeStyleBuild.java:43)
	at hudson.model.ResourceController.execute(ResourceController.java:97)
	at hudson.model.Executor.run(Executor.java:405)
Caused by: java.lang.NullPointerException
[PR-Master] $ mvn mvn test
[INFO] Scanning for projects...
[8mha:////4AGRmRx7HFdmO5NXz1fFoDSVORtB4Br0yOEy6hQPuAEqAAAAYx+LCAAAAAAAAP9b85aBtbiIQSWjNKU4P0+vJLE4u1gvPjexLDVPzxdEhicW5WXmpfvll6S2fNly5fzGzauYGBgqihikoFqS8/OK83NS9ZwhNEghAwQwghQWAACwxA+XYgAAAA==[0m[WARNING] 
[8mha:////4AGRmRx7HFdmO5NXz1fFoDSVORtB4Br0yOEy6hQPuAEqAAAAYx+LCAAAAAAAAP9b85aBtbiIQSWjNKU4P0+vJLE4u1gvPjexLDVPzxdEhicW5WXmpfvll6S2fNly5fzGzauYGBgqihikoFqS8/OK83NS9ZwhNEghAwQwghQWAACwxA+XYgAAAA==[0m[WARNING] Some problems were encountered while building the effective model for ru.sbt.demo:math:jar:1.0-SNAPSHOT
[8mha:////4AGRmRx7HFdmO5NXz1fFoDSVORtB4Br0yOEy6hQPuAEqAAAAYx+LCAAAAAAAAP9b85aBtbiIQSWjNKU4P0+vJLE4u1gvPjexLDVPzxdEhicW5WXmpfvll6S2fNly5fzGzauYGBgqihikoFqS8/OK83NS9ZwhNEghAwQwghQWAACwxA+XYgAAAA==[0m[WARNING] 'build.plugins.plugin.version' for org.jacoco:jacoco-maven-plugin is missing. @ line 19, column 12
[8mha:////4AGRmRx7HFdmO5NXz1fFoDSVORtB4Br0yOEy6hQPuAEqAAAAYx+LCAAAAAAAAP9b85aBtbiIQSWjNKU4P0+vJLE4u1gvPjexLDVPzxdEhicW5WXmpfvll6S2fNly5fzGzauYGBgqihikoFqS8/OK83NS9ZwhNEghAwQwghQWAACwxA+XYgAAAA==[0m[WARNING] 
[8mha:////4AGRmRx7HFdmO5NXz1fFoDSVORtB4Br0yOEy6hQPuAEqAAAAYx+LCAAAAAAAAP9b85aBtbiIQSWjNKU4P0+vJLE4u1gvPjexLDVPzxdEhicW5WXmpfvll6S2fNly5fzGzauYGBgqihikoFqS8/OK83NS9ZwhNEghAwQwghQWAACwxA+XYgAAAA==[0m[WARNING] It is highly recommended to fix these problems because they threaten the stability of your build.
[8mha:////4AGRmRx7HFdmO5NXz1fFoDSVORtB4Br0yOEy6hQPuAEqAAAAYx+LCAAAAAAAAP9b85aBtbiIQSWjNKU4P0+vJLE4u1gvPjexLDVPzxdEhicW5WXmpfvll6S2fNly5fzGzauYGBgqihikoFqS8/OK83NS9ZwhNEghAwQwghQWAACwxA+XYgAAAA==[0m[WARNING] 
[8mha:////4AGRmRx7HFdmO5NXz1fFoDSVORtB4Br0yOEy6hQPuAEqAAAAYx+LCAAAAAAAAP9b85aBtbiIQSWjNKU4P0+vJLE4u1gvPjexLDVPzxdEhicW5WXmpfvll6S2fNly5fzGzauYGBgqihikoFqS8/OK83NS9ZwhNEghAwQwghQWAACwxA+XYgAAAA==[0m[WARNING] For this reason, future Maven versions might no longer support building such malformed projects.
[8mha:////4AGRmRx7HFdmO5NXz1fFoDSVORtB4Br0yOEy6hQPuAEqAAAAYx+LCAAAAAAAAP9b85aBtbiIQSWjNKU4P0+vJLE4u1gvPjexLDVPzxdEhicW5WXmpfvll6S2fNly5fzGzauYGBgqihikoFqS8/OK83NS9ZwhNEghAwQwghQWAACwxA+XYgAAAA==[0m[WARNING] 
[INFO]                                                                         
[INFO] ------------------------------------------------------------------------
[INFO] Building math 1.0-SNAPSHOT
[INFO] ------------------------------------------------------------------------
[INFO] ------------------------------------------------------------------------
[INFO] BUILD FAILURE
[INFO] ------------------------------------------------------------------------
[INFO] Total time: 0.151 s
[INFO] Finished at: 2017-10-26T13:00:28+03:00
[INFO] Final Memory: 6M/245M
[INFO] ------------------------------------------------------------------------
[8mha:////4KAvqSxBGawDVC07WJQ/ofOqf/HY2xEKihkkNoMHIlk4AAAAYB+LCAAAAAAAAP9b85aBtbiIQSmjNKU4P0+vJLE4u1gvPjexLDVPzxdEuhYV5Rf55ZekOlc7RKnPKH7IxMBQUcQgBdWQnJ9XnJ+TqucMoUEKGSCAEaSwAACsNFCqYAAAAA==[0m[ERROR] Unknown lifecycle phase "mvn". You must specify a valid lifecycle phase or a goal in the format <plugin-prefix>:<goal> or <plugin-group-id>:<plugin-artifact-id>[:<plugin-version>]:<goal>. Available lifecycle phases are: validate, initialize, generate-sources, process-sources, generate-resources, process-resources, compile, process-classes, generate-test-sources, process-test-sources, generate-test-resources, process-test-resources, test-compile, process-test-classes, test, prepare-package, package, pre-integration-test, integration-test, post-integration-test, verify, install, deploy, pre-clean, clean, post-clean, pre-site, site, post-site, site-deploy. -> [Help 1]
[8mha:////4KAvqSxBGawDVC07WJQ/ofOqf/HY2xEKihkkNoMHIlk4AAAAYB+LCAAAAAAAAP9b85aBtbiIQSmjNKU4P0+vJLE4u1gvPjexLDVPzxdEuhYV5Rf55ZekOlc7RKnPKH7IxMBQUcQgBdWQnJ9XnJ+TqucMoUEKGSCAEaSwAACsNFCqYAAAAA==[0m[ERROR] 
[8mha:////4KAvqSxBGawDVC07WJQ/ofOqf/HY2xEKihkkNoMHIlk4AAAAYB+LCAAAAAAAAP9b85aBtbiIQSmjNKU4P0+vJLE4u1gvPjexLDVPzxdEuhYV5Rf55ZekOlc7RKnPKH7IxMBQUcQgBdWQnJ9XnJ+TqucMoUEKGSCAEaSwAACsNFCqYAAAAA==[0m[ERROR] To see the full stack trace of the errors, re-run Maven with the -e switch.
[8mha:////4KAvqSxBGawDVC07WJQ/ofOqf/HY2xEKihkkNoMHIlk4AAAAYB+LCAAAAAAAAP9b85aBtbiIQSmjNKU4P0+vJLE4u1gvPjexLDVPzxdEuhYV5Rf55ZekOlc7RKnPKH7IxMBQUcQgBdWQnJ9XnJ+TqucMoUEKGSCAEaSwAACsNFCqYAAAAA==[0m[ERROR] Re-run Maven using the -X switch to enable full debug logging.
[8mha:////4KAvqSxBGawDVC07WJQ/ofOqf/HY2xEKihkkNoMHIlk4AAAAYB+LCAAAAAAAAP9b85aBtbiIQSmjNKU4P0+vJLE4u1gvPjexLDVPzxdEuhYV5Rf55ZekOlc7RKnPKH7IxMBQUcQgBdWQnJ9XnJ+TqucMoUEKGSCAEaSwAACsNFCqYAAAAA==[0m[ERROR] 
[8mha:////4KAvqSxBGawDVC07WJQ/ofOqf/HY2xEKihkkNoMHIlk4AAAAYB+LCAAAAAAAAP9b85aBtbiIQSmjNKU4P0+vJLE4u1gvPjexLDVPzxdEuhYV5Rf55ZekOlc7RKnPKH7IxMBQUcQgBdWQnJ9XnJ+TqucMoUEKGSCAEaSwAACsNFCqYAAAAA==[0m[ERROR] For more information about the errors and possible solutions, please read the following articles:
[8mha:////4KAvqSxBGawDVC07WJQ/ofOqf/HY2xEKihkkNoMHIlk4AAAAYB+LCAAAAAAAAP9b85aBtbiIQSmjNKU4P0+vJLE4u1gvPjexLDVPzxdEuhYV5Rf55ZekOlc7RKnPKH7IxMBQUcQgBdWQnJ9XnJ+TqucMoUEKGSCAEaSwAACsNFCqYAAAAA==[0m[ERROR] [Help 1] http://cwiki.apache.org/confluence/display/MAVEN/LifecyclePhaseNotFoundException
Build step 'Invoke top-level Maven targets' marked build as failure
Caught exception while notifying Stash with id ae831caa6a4df67cd087ae6912f0cac4b358b8d2
java.net.MalformedURLException
	at java.net.URL.<init>(URL.java:627)
	at java.net.URL.<init>(URL.java:490)
	at java.net.URL.<init>(URL.java:439)
	at org.jenkinsci.plugins.stashNotifier.StashNotifier.getHttpClient(StashNotifier.java:392)
	at org.jenkinsci.plugins.stashNotifier.StashNotifier.notifyStash(StashNotifier.java:692)
	at org.jenkinsci.plugins.stashNotifier.StashNotifier.processJenkinsEvent(StashNotifier.java:288)
	at org.jenkinsci.plugins.stashNotifier.StashNotifier.perform(StashNotifier.java:241)
	at org.jenkinsci.plugins.stashNotifier.StashNotifier.perform(StashNotifier.java:207)
	at hudson.tasks.BuildStepMonitor$1.perform(BuildStepMonitor.java:20)
	at hudson.model.AbstractBuild$AbstractBuildExecution.perform(AbstractBuild.java:735)
	at hudson.model.AbstractBuild$AbstractBuildExecution.performAllBuildSteps(AbstractBuild.java:676)
	at hudson.model.Build$BuildExecution.post2(Build.java:186)
	at hudson.model.AbstractBuild$AbstractBuildExecution.post(AbstractBuild.java:621)
	at hudson.model.Run.execute(Run.java:1760)
	at hudson.model.FreeStyleBuild.run(FreeStyleBuild.java:43)
	at hudson.model.ResourceController.execute(ResourceController.java:97)
	at hudson.model.Executor.run(Executor.java:405)
Caused by: java.lang.NullPointerException
Caught exception while notifying Stash with id 8cabceaa59d209baae651e102e07b3c538b8e44e
java.net.MalformedURLException
	at java.net.URL.<init>(URL.java:627)
	at java.net.URL.<init>(URL.java:490)
	at java.net.URL.<init>(URL.java:439)
	at org.jenkinsci.plugins.stashNotifier.StashNotifier.getHttpClient(StashNotifier.java:392)
	at org.jenkinsci.plugins.stashNotifier.StashNotifier.notifyStash(StashNotifier.java:692)
	at org.jenkinsci.plugins.stashNotifier.StashNotifier.processJenkinsEvent(StashNotifier.java:288)
	at org.jenkinsci.plugins.stashNotifier.StashNotifier.perform(StashNotifier.java:241)
	at org.jenkinsci.plugins.stashNotifier.StashNotifier.perform(StashNotifier.java:207)
	at hudson.tasks.BuildStepMonitor$1.perform(BuildStepMonitor.java:20)
	at hudson.model.AbstractBuild$AbstractBuildExecution.perform(AbstractBuild.java:735)
	at hudson.model.AbstractBuild$AbstractBuildExecution.performAllBuildSteps(AbstractBuild.java:676)
	at hudson.model.Build$BuildExecution.post2(Build.java:186)
	at hudson.model.AbstractBuild$AbstractBuildExecution.post(AbstractBuild.java:621)
	at hudson.model.Run.execute(Run.java:1760)
	at hudson.model.FreeStyleBuild.run(FreeStyleBuild.java:43)
	at hudson.model.ResourceController.execute(ResourceController.java:97)
	at hudson.model.Executor.run(Executor.java:405)
Caused by: java.lang.NullPointerException
Finished: FAILURE
